[{{2016,4,19},{11,49,25}}] Server started 
[{{2016,4,19},{11,50,19}}] Server started 
[{{2016,4,19},{11,55,15}}] Server started 
[{{2016,4,19},{11,56,12}}] Server started 
[{{2016,4,19},{11,59,37}}] Server started 
[{{2016,4,19},{12,0,3}}] Server started 
[{{2016,4,19},{12,0,23}}] Server started 
[{{2016,4,19},{12,1,52}}] Server started 
[{{2016,4,19},{12,2,59}}] Server started 
[{{2016,4,19},{12,5,35}}] Server started 
[{{2016,4,19},{12,6,30}}] Server started 
[{{2016,4,19},{12,18,38}}] Server started 
[{{2016,4,19},{12,19,9}}] Server started 
[{{2016,4,19},{12,19,16}}] Server started 
[{{2016,4,19},{12,21,11}}] Connected process <7226.41.0>
[{{2016,4,19},{12,21,40}}] Message received [[83,65,83,73,32,78,79,71,73]] 
[{{2016,4,19},{12,21,58}}] Message received [sasi] 
[{{2016,4,19},{12,24,52}}] Message received [taxloc] 
[{{2016,4,19},{12,24,52}}] Undefined process <7226.56.0>
[{{2016,4,19},{12,25,33}}] Message received [taxloc] 
[{{2016,4,19},{12,25,33}}] Undefined process <7226.56.0>
[{{2016,4,19},{12,25,37}}] Message received [taxloc] 
[{{2016,4,19},{12,25,37}}] Undefined process <7226.56.0>
[{{2016,4,19},{12,25,40}}] Message received [taxloc] 
[{{2016,4,19},{12,25,40}}] Undefined process <7226.56.0>
[{{2016,4,19},{12,26,0}}] Message received [taxloc] 
[{{2016,4,19},{12,26,0}}] Undefined process <7226.56.0>
[{{2016,4,19},{12,26,3}}] Message received [taxloc] 
[{{2016,4,19},{12,26,3}}] Undefined process <7226.56.0>
[{{2016,4,19},{12,26,55}}] Connected process <7226.39.0>
[{{2016,4,19},{12,27,11}}] Connected process <7226.39.0>
[{{2016,4,19},{12,27,23}}] Message received [wild] 
[{{2016,4,19},{12,29,25}}] Message received [wild] 
[{{2016,4,19},{12,35,18}}] Message received [wild] 
[{{2016,4,19},{14,55,47}}] Server started 
[{{2016,4,26},{15,28,56}}] Server started 
[{{2016,4,26},{15,31,47}}] Server started 
[{{2016,4,26},{15,32,28}}] Server started 
[{{2016,4,26},{15,33,11}}] Server started 
[{{2016,4,26},{15,33,33}}] Server started 
[{{2016,4,26},{15,39,4}}] Message received [[83,65,83,73,32,86,32,84,65,75,83,73]] 
[{{2016,4,26},{15,39,4}}] Undefined process <7227.39.0>
[{{2016,4,26},{15,40,50}}] Connected process <7226.40.0>
[{{2016,4,26},{15,41,11}}] Connected process <7227.39.0>
[{{2016,4,26},{15,41,21}}] Message received [[83,65,83,73,32,86,32,84,65,75,83,73]] 
[{{2016,4,26},{15,46,39}}] Connected process <7226.37.0>
[{{2016,4,26},{15,46,58}}] Message received [[83,65,83,73,32,86,32,84,65,75,83,73]] 
[{{2016,4,26},{15,47,9}}] Message received [[68,82,79,67,72,73,32,78,79,71,73]] 
[{{2016,4,26},{15,56,56}}] Message received [[68,82,79,67,72,73,32,78,79,71,73]] 
[{{2016,4,26},{15,57,55}}] Message received [[90,65,67,72,69,77,32,86,83,69,32,69,84,79,33]] 
[{{2016,4,26},{15,57,59}}] Message received [[90,65,67,72,69,77,33]] 
[{{2016,4,26},{15,58,7}}] Message received [[75,84,79,32,83,75,65,90,72,69,84,63,33,63,33,63,33]] 
